<?xml version="1.0" encoding="UTF-8" ?>
<testsuite failures="0" time="15.148" errors="0" skipped="0" tests="1" name="fr.company.demo.data.dao.impl.DemoDAOTest">
  <properties>
    <property name="jboss.i18n.generate-proxies" value="true"/>
    <property name="java.runtime.name" value="Java(TM) SE Runtime Environment"/>
    <property name="sun.boot.library.path" value="/System/Library/Java/JavaVirtualMachines/1.6.0.jdk/Contents/Libraries"/>
    <property name="java.vm.version" value="20.14-b01-445"/>
    <property name="awt.nativeDoubleBuffering" value="true"/>
    <property name="gopherProxySet" value="false"/>
    <property name="mrj.build" value="11M4107"/>
    <property name="java.vm.vendor" value="Apple Inc."/>
    <property name="java.vendor.url" value="http://www.apple.com/"/>
    <property name="path.separator" value=":"/>
    <property name="java.vm.name" value="Java HotSpot(TM) 64-Bit Server VM"/>
    <property name="file.encoding.pkg" value="sun.io"/>
    <property name="user.country" value="US"/>
    <property name="sun.java.launcher" value="SUN_STANDARD"/>
    <property name="sun.os.patch.level" value="unknown"/>
    <property name="java.vm.specification.name" value="Java Virtual Machine Specification"/>
    <property name="user.dir" value="/Users/lpognon/Documents/workspace-sts-3.1.0.RELEASE/demo/demo_data"/>
    <property name="java.runtime.version" value="1.6.0_41-b02-445-11M4107"/>
    <property name="java.awt.graphicsenv" value="apple.awt.CGraphicsEnvironment"/>
    <property name="basedir" value="/Users/lpognon/Documents/workspace-sts-3.1.0.RELEASE/demo/demo_data"/>
    <property name="java.endorsed.dirs" value="/System/Library/Java/JavaVirtualMachines/1.6.0.jdk/Contents/Home/lib/endorsed"/>
    <property name="os.arch" value="x86_64"/>
    <property name="surefire.real.class.path" value="/Users/lpognon/Documents/workspace-sts-3.1.0.RELEASE/demo/demo_data/target/surefire/surefirebooter8025386380840041955.jar"/>
    <property name="java.io.tmpdir" value="/var/folders/j3/0j75l2bs75s5pczvhm5flqhc0000gn/T/"/>
    <property name="line.separator" value="
"/>
    <property name="java.vm.specification.vendor" value="Sun Microsystems Inc."/>
    <property name="os.name" value="Mac OS X"/>
    <property name="sun.jnu.encoding" value="MacRoman"/>
    <property name="java.library.path" value=".:/Library/Java/Extensions:/System/Library/Java/Extensions:/usr/lib/java"/>
    <property name="surefire.test.class.path" value="/Users/lpognon/Documents/workspace-sts-3.1.0.RELEASE/demo/demo_data/target/test-classes:/Users/lpognon/Documents/workspace-sts-3.1.0.RELEASE/demo/demo_data/target/classes:/Users/lpognon/.m2/repository/org/hibernate/hibernate-core/4.1.5.Final/hibernate-core-4.1.5.Final.jar:/Users/lpognon/.m2/repository/antlr/antlr/2.7.7/antlr-2.7.7.jar:/Users/lpognon/.m2/repository/org/jboss/logging/jboss-logging/3.1.0.GA/jboss-logging-3.1.0.GA.jar:/Users/lpognon/.m2/repository/org/jboss/spec/javax/transaction/jboss-transaction-api_1.1_spec/1.0.0.Final/jboss-transaction-api_1.1_spec-1.0.0.Final.jar:/Users/lpognon/.m2/repository/dom4j/dom4j/1.6.1/dom4j-1.6.1.jar:/Users/lpognon/.m2/repository/org/hibernate/javax/persistence/hibernate-jpa-2.0-api/1.0.1.Final/hibernate-jpa-2.0-api-1.0.1.Final.jar:/Users/lpognon/.m2/repository/org/javassist/javassist/3.15.0-GA/javassist-3.15.0-GA.jar:/Users/lpognon/.m2/repository/org/hibernate/common/hibernate-commons-annotations/4.0.1.Final/hibernate-commons-annotations-4.0.1.Final.jar:/Users/lpognon/.m2/repository/org/hibernate/hibernate-entitymanager/4.1.5.Final/hibernate-entitymanager-4.1.5.Final.jar:/Users/lpognon/.m2/repository/org/springframework/spring-core/3.2.0.RELEASE/spring-core-3.2.0.RELEASE.jar:/Users/lpognon/.m2/repository/commons-logging/commons-logging/1.1.1/commons-logging-1.1.1.jar:/Users/lpognon/.m2/repository/org/springframework/spring-tx/3.2.0.RELEASE/spring-tx-3.2.0.RELEASE.jar:/Users/lpognon/.m2/repository/aopalliance/aopalliance/1.0/aopalliance-1.0.jar:/Users/lpognon/.m2/repository/org/springframework/spring-beans/3.2.0.RELEASE/spring-beans-3.2.0.RELEASE.jar:/Users/lpognon/.m2/repository/org/springframework/spring-orm/3.2.0.RELEASE/spring-orm-3.2.0.RELEASE.jar:/Users/lpognon/.m2/repository/org/springframework/spring-jdbc/3.2.0.RELEASE/spring-jdbc-3.2.0.RELEASE.jar:/Users/lpognon/.m2/repository/commons-collections/commons-collections/3.1/commons-collections-3.1.jar:/Users/lpognon/.m2/repository/org/slf4j/slf4j-api/1.6.6/slf4j-api-1.6.6.jar:/Users/lpognon/.m2/repository/org/slf4j/slf4j-log4j12/1.6.6/slf4j-log4j12-1.6.6.jar:/Users/lpognon/.m2/repository/log4j/log4j/1.2.17/log4j-1.2.17.jar:/Users/lpognon/.m2/repository/junit/junit/4.8.2/junit-4.8.2.jar:/Users/lpognon/.m2/repository/org/springframework/spring-test/3.2.0.RELEASE/spring-test-3.2.0.RELEASE.jar:/Users/lpognon/.m2/repository/org/springframework/spring-webmvc/3.2.0.RELEASE/spring-webmvc-3.2.0.RELEASE.jar:/Users/lpognon/.m2/repository/org/springframework/spring-context/3.2.0.RELEASE/spring-context-3.2.0.RELEASE.jar:/Users/lpognon/.m2/repository/org/springframework/spring-aop/3.2.0.RELEASE/spring-aop-3.2.0.RELEASE.jar:/Users/lpognon/.m2/repository/org/springframework/spring-web/3.2.0.RELEASE/spring-web-3.2.0.RELEASE.jar:/Users/lpognon/.m2/repository/org/springframework/spring-expression/3.2.0.RELEASE/spring-expression-3.2.0.RELEASE.jar:/Users/lpognon/.m2/repository/org/dbunit/dbunit/2.4.7/dbunit-2.4.7.jar:/Users/lpognon/.m2/repository/org/hsqldb/hsqldb/1.8.0.10/hsqldb-1.8.0.10.jar:/Users/lpognon/.m2/repository/mysql/mysql-connector-java/5.1.6/mysql-connector-java-5.1.6.jar:/Users/lpognon/.m2/repository/com/github/springtestdbunit/spring-test-dbunit/1.0.1/spring-test-dbunit-1.0.1.jar:/Users/lpognon/.m2/repository/com/impetus/client/kundera-cassandra/2.4/kundera-cassandra-2.4.jar:/Users/lpognon/.m2/repository/com/impetus/core/kundera-core/2.4/kundera-core-2.4.jar:/Users/lpognon/.m2/repository/commons-lang/commons-lang/2.4/commons-lang-2.4.jar:/Users/lpognon/.m2/repository/javax/persistence/persistence-api/2.0/persistence-api-2.0.jar:/Users/lpognon/.m2/repository/org/apache/lucene/lucene-core/3.5.0/lucene-core-3.5.0.jar:/Users/lpognon/.m2/repository/cglib/cglib/2.2.2/cglib-2.2.2.jar:/Users/lpognon/.m2/repository/asm/asm/3.3.1/asm-3.3.1.jar:/Users/lpognon/.m2/repository/net/sf/ehcache/ehcache-core/2.5.2/ehcache-core-2.5.2.jar:/Users/lpognon/.m2/repository/javassist/javassist/3.9.0.GA/javassist-3.9.0.GA.jar:/Users/lpognon/.m2/repository/com/google/guava/guava/r08/guava-r08.jar:/Users/lpognon/.m2/repository/javax/transaction/jta/1.1/jta-1.1.jar:/Users/lpognon/.m2/repository/com/thoughtworks/xstream/xstream/1.4.3/xstream-1.4.3.jar:/Users/lpognon/.m2/repository/xmlpull/xmlpull/1.1.3.1/xmlpull-1.1.3.1.jar:/Users/lpognon/.m2/repository/xpp3/xpp3_min/1.1.4c/xpp3_min-1.1.4c.jar:/Users/lpognon/.m2/repository/com/vividsolutions/jts/1.11/jts-1.11.jar:/Users/lpognon/.m2/repository/org/apache/cassandra/cassandra-thrift/1.2.0/cassandra-thrift-1.2.0.jar:/Users/lpognon/.m2/repository/org/apache/thrift/libthrift/0.7.0/libthrift-0.7.0.jar:/Users/lpognon/.m2/repository/javax/servlet/servlet-api/2.5/servlet-api-2.5.jar:/Users/lpognon/.m2/repository/org/apache/httpcomponents/httpclient/4.0.1/httpclient-4.0.1.jar:/Users/lpognon/.m2/repository/org/apache/httpcomponents/httpcore/4.0.1/httpcore-4.0.1.jar:/Users/lpognon/.m2/repository/org/apache/cassandra/cassandra-all/1.2.0/cassandra-all-1.2.0.jar:/Users/lpognon/.m2/repository/org/xerial/snappy/snappy-java/1.0.4.1/snappy-java-1.0.4.1.jar:/Users/lpognon/.m2/repository/com/ning/compress-lzf/0.8.4/compress-lzf-0.8.4.jar:/Users/lpognon/.m2/repository/commons-cli/commons-cli/1.1/commons-cli-1.1.jar:/Users/lpognon/.m2/repository/commons-codec/commons-codec/1.2/commons-codec-1.2.jar:/Users/lpognon/.m2/repository/com/googlecode/concurrentlinkedhashmap/concurrentlinkedhashmap-lru/1.3/concurrentlinkedhashmap-lru-1.3.jar:/Users/lpognon/.m2/repository/org/antlr/antlr/3.2/antlr-3.2.jar:/Users/lpognon/.m2/repository/org/antlr/antlr-runtime/3.2/antlr-runtime-3.2.jar:/Users/lpognon/.m2/repository/org/antlr/stringtemplate/3.2/stringtemplate-3.2.jar:/Users/lpognon/.m2/repository/org/apache/cassandra/deps/avro/1.4.0-cassandra-1/avro-1.4.0-cassandra-1.jar:/Users/lpognon/.m2/repository/org/mortbay/jetty/jetty/6.1.22/jetty-6.1.22.jar:/Users/lpognon/.m2/repository/org/mortbay/jetty/jetty-util/6.1.22/jetty-util-6.1.22.jar:/Users/lpognon/.m2/repository/org/mortbay/jetty/servlet-api/2.5-20081211/servlet-api-2.5-20081211.jar:/Users/lpognon/.m2/repository/org/codehaus/jackson/jackson-core-asl/1.4.0/jackson-core-asl-1.4.0.jar:/Users/lpognon/.m2/repository/org/codehaus/jackson/jackson-mapper-asl/1.4.0/jackson-mapper-asl-1.4.0.jar:/Users/lpognon/.m2/repository/jline/jline/1.0/jline-1.0.jar:/Users/lpognon/.m2/repository/com/googlecode/json-simple/json-simple/1.1/json-simple-1.1.jar:/Users/lpognon/.m2/repository/com/github/stephenc/high-scale-lib/high-scale-lib/1.1.2/high-scale-lib-1.1.2.jar:/Users/lpognon/.m2/repository/org/yaml/snakeyaml/1.6/snakeyaml-1.6.jar:/Users/lpognon/.m2/repository/edu/stanford/ppl/snaptree/0.1/snaptree-0.1.jar:/Users/lpognon/.m2/repository/com/yammer/metrics/metrics-core/2.0.3/metrics-core-2.0.3.jar:/Users/lpognon/.m2/repository/com/github/stephenc/jamm/0.2.5/jamm-0.2.5.jar:/Users/lpognon/.m2/repository/org/apache/cassandra/cassandra-clientutil/1.2.0/cassandra-clientutil-1.2.0.jar:/Users/lpognon/.m2/repository/org/jboss/netty/netty/3.2.8.Final/netty-3.2.8.Final.jar:/Users/lpognon/.m2/repository/org/scale7/scale7-pelops/1.3-1.1.x/scale7-pelops-1.3-1.1.x.jar:/Users/lpognon/.m2/repository/com/eaio/uuid/uuid/3.2/uuid-3.2.jar:/Users/lpognon/.m2/repository/org/scale7/scale7-core/1.3/scale7-core-1.3.jar:/Users/lpognon/.m2/repository/commons-pool/commons-pool/1.6/commons-pool-1.6.jar:/Users/lpognon/.m2/repository/org/xerial/snappy/1.0.1-rc4/snappy-1.0.1-rc4.jar:/Users/lpognon/.m2/repository/net/dataforte/cassandra/cassandra-connection-pool/0.7.1/cassandra-connection-pool-0.7.1.jar:/Users/lpognon/.m2/repository/javax/xml/bind/jaxb-api/2.1/jaxb-api-2.1.jar:/Users/lpognon/.m2/repository/javax/xml/stream/stax-api/1.0-2/stax-api-1.0-2.jar:/Users/lpognon/.m2/repository/javax/activation/activation/1.1/activation-1.1.jar:/Users/lpognon/.m2/repository/com/sun/xml/bind/jaxb-impl/2.1.3/jaxb-impl-2.1.3.jar:"/>
    <property name="java.specification.name" value="Java Platform API Specification"/>
    <property name="java.class.version" value="50.0"/>
    <property name="sun.management.compiler" value="HotSpot 64-Bit Tiered Compilers"/>
    <property name="os.version" value="10.7.5"/>
    <property name="http.nonProxyHosts" value="local|*.local|169.254/16|*.169.254/16|localhost|*.localhost|172.16.250.130"/>
    <property name="user.home" value="/Users/lpognon"/>
    <property name="user.timezone" value="Europe/Paris"/>
    <property name="java.awt.printerjob" value="apple.awt.CPrinterJob"/>
    <property name="java.specification.version" value="1.6"/>
    <property name="file.encoding" value="MacRoman"/>
    <property name="user.name" value="lpognon"/>
    <property name="java.class.path" value="/Users/lpognon/Documents/workspace-sts-3.1.0.RELEASE/demo/demo_data/target/test-classes:/Users/lpognon/Documents/workspace-sts-3.1.0.RELEASE/demo/demo_data/target/classes:/Users/lpognon/.m2/repository/org/hibernate/hibernate-core/4.1.5.Final/hibernate-core-4.1.5.Final.jar:/Users/lpognon/.m2/repository/antlr/antlr/2.7.7/antlr-2.7.7.jar:/Users/lpognon/.m2/repository/org/jboss/logging/jboss-logging/3.1.0.GA/jboss-logging-3.1.0.GA.jar:/Users/lpognon/.m2/repository/org/jboss/spec/javax/transaction/jboss-transaction-api_1.1_spec/1.0.0.Final/jboss-transaction-api_1.1_spec-1.0.0.Final.jar:/Users/lpognon/.m2/repository/dom4j/dom4j/1.6.1/dom4j-1.6.1.jar:/Users/lpognon/.m2/repository/org/hibernate/javax/persistence/hibernate-jpa-2.0-api/1.0.1.Final/hibernate-jpa-2.0-api-1.0.1.Final.jar:/Users/lpognon/.m2/repository/org/javassist/javassist/3.15.0-GA/javassist-3.15.0-GA.jar:/Users/lpognon/.m2/repository/org/hibernate/common/hibernate-commons-annotations/4.0.1.Final/hibernate-commons-annotations-4.0.1.Final.jar:/Users/lpognon/.m2/repository/org/hibernate/hibernate-entitymanager/4.1.5.Final/hibernate-entitymanager-4.1.5.Final.jar:/Users/lpognon/.m2/repository/org/springframework/spring-core/3.2.0.RELEASE/spring-core-3.2.0.RELEASE.jar:/Users/lpognon/.m2/repository/commons-logging/commons-logging/1.1.1/commons-logging-1.1.1.jar:/Users/lpognon/.m2/repository/org/springframework/spring-tx/3.2.0.RELEASE/spring-tx-3.2.0.RELEASE.jar:/Users/lpognon/.m2/repository/aopalliance/aopalliance/1.0/aopalliance-1.0.jar:/Users/lpognon/.m2/repository/org/springframework/spring-beans/3.2.0.RELEASE/spring-beans-3.2.0.RELEASE.jar:/Users/lpognon/.m2/repository/org/springframework/spring-orm/3.2.0.RELEASE/spring-orm-3.2.0.RELEASE.jar:/Users/lpognon/.m2/repository/org/springframework/spring-jdbc/3.2.0.RELEASE/spring-jdbc-3.2.0.RELEASE.jar:/Users/lpognon/.m2/repository/commons-collections/commons-collections/3.1/commons-collections-3.1.jar:/Users/lpognon/.m2/repository/org/slf4j/slf4j-api/1.6.6/slf4j-api-1.6.6.jar:/Users/lpognon/.m2/repository/org/slf4j/slf4j-log4j12/1.6.6/slf4j-log4j12-1.6.6.jar:/Users/lpognon/.m2/repository/log4j/log4j/1.2.17/log4j-1.2.17.jar:/Users/lpognon/.m2/repository/junit/junit/4.8.2/junit-4.8.2.jar:/Users/lpognon/.m2/repository/org/springframework/spring-test/3.2.0.RELEASE/spring-test-3.2.0.RELEASE.jar:/Users/lpognon/.m2/repository/org/springframework/spring-webmvc/3.2.0.RELEASE/spring-webmvc-3.2.0.RELEASE.jar:/Users/lpognon/.m2/repository/org/springframework/spring-context/3.2.0.RELEASE/spring-context-3.2.0.RELEASE.jar:/Users/lpognon/.m2/repository/org/springframework/spring-aop/3.2.0.RELEASE/spring-aop-3.2.0.RELEASE.jar:/Users/lpognon/.m2/repository/org/springframework/spring-web/3.2.0.RELEASE/spring-web-3.2.0.RELEASE.jar:/Users/lpognon/.m2/repository/org/springframework/spring-expression/3.2.0.RELEASE/spring-expression-3.2.0.RELEASE.jar:/Users/lpognon/.m2/repository/org/dbunit/dbunit/2.4.7/dbunit-2.4.7.jar:/Users/lpognon/.m2/repository/org/hsqldb/hsqldb/1.8.0.10/hsqldb-1.8.0.10.jar:/Users/lpognon/.m2/repository/mysql/mysql-connector-java/5.1.6/mysql-connector-java-5.1.6.jar:/Users/lpognon/.m2/repository/com/github/springtestdbunit/spring-test-dbunit/1.0.1/spring-test-dbunit-1.0.1.jar:/Users/lpognon/.m2/repository/com/impetus/client/kundera-cassandra/2.4/kundera-cassandra-2.4.jar:/Users/lpognon/.m2/repository/com/impetus/core/kundera-core/2.4/kundera-core-2.4.jar:/Users/lpognon/.m2/repository/commons-lang/commons-lang/2.4/commons-lang-2.4.jar:/Users/lpognon/.m2/repository/javax/persistence/persistence-api/2.0/persistence-api-2.0.jar:/Users/lpognon/.m2/repository/org/apache/lucene/lucene-core/3.5.0/lucene-core-3.5.0.jar:/Users/lpognon/.m2/repository/cglib/cglib/2.2.2/cglib-2.2.2.jar:/Users/lpognon/.m2/repository/asm/asm/3.3.1/asm-3.3.1.jar:/Users/lpognon/.m2/repository/net/sf/ehcache/ehcache-core/2.5.2/ehcache-core-2.5.2.jar:/Users/lpognon/.m2/repository/javassist/javassist/3.9.0.GA/javassist-3.9.0.GA.jar:/Users/lpognon/.m2/repository/com/google/guava/guava/r08/guava-r08.jar:/Users/lpognon/.m2/repository/javax/transaction/jta/1.1/jta-1.1.jar:/Users/lpognon/.m2/repository/com/thoughtworks/xstream/xstream/1.4.3/xstream-1.4.3.jar:/Users/lpognon/.m2/repository/xmlpull/xmlpull/1.1.3.1/xmlpull-1.1.3.1.jar:/Users/lpognon/.m2/repository/xpp3/xpp3_min/1.1.4c/xpp3_min-1.1.4c.jar:/Users/lpognon/.m2/repository/com/vividsolutions/jts/1.11/jts-1.11.jar:/Users/lpognon/.m2/repository/org/apache/cassandra/cassandra-thrift/1.2.0/cassandra-thrift-1.2.0.jar:/Users/lpognon/.m2/repository/org/apache/thrift/libthrift/0.7.0/libthrift-0.7.0.jar:/Users/lpognon/.m2/repository/javax/servlet/servlet-api/2.5/servlet-api-2.5.jar:/Users/lpognon/.m2/repository/org/apache/httpcomponents/httpclient/4.0.1/httpclient-4.0.1.jar:/Users/lpognon/.m2/repository/org/apache/httpcomponents/httpcore/4.0.1/httpcore-4.0.1.jar:/Users/lpognon/.m2/repository/org/apache/cassandra/cassandra-all/1.2.0/cassandra-all-1.2.0.jar:/Users/lpognon/.m2/repository/org/xerial/snappy/snappy-java/1.0.4.1/snappy-java-1.0.4.1.jar:/Users/lpognon/.m2/repository/com/ning/compress-lzf/0.8.4/compress-lzf-0.8.4.jar:/Users/lpognon/.m2/repository/commons-cli/commons-cli/1.1/commons-cli-1.1.jar:/Users/lpognon/.m2/repository/commons-codec/commons-codec/1.2/commons-codec-1.2.jar:/Users/lpognon/.m2/repository/com/googlecode/concurrentlinkedhashmap/concurrentlinkedhashmap-lru/1.3/concurrentlinkedhashmap-lru-1.3.jar:/Users/lpognon/.m2/repository/org/antlr/antlr/3.2/antlr-3.2.jar:/Users/lpognon/.m2/repository/org/antlr/antlr-runtime/3.2/antlr-runtime-3.2.jar:/Users/lpognon/.m2/repository/org/antlr/stringtemplate/3.2/stringtemplate-3.2.jar:/Users/lpognon/.m2/repository/org/apache/cassandra/deps/avro/1.4.0-cassandra-1/avro-1.4.0-cassandra-1.jar:/Users/lpognon/.m2/repository/org/mortbay/jetty/jetty/6.1.22/jetty-6.1.22.jar:/Users/lpognon/.m2/repository/org/mortbay/jetty/jetty-util/6.1.22/jetty-util-6.1.22.jar:/Users/lpognon/.m2/repository/org/mortbay/jetty/servlet-api/2.5-20081211/servlet-api-2.5-20081211.jar:/Users/lpognon/.m2/repository/org/codehaus/jackson/jackson-core-asl/1.4.0/jackson-core-asl-1.4.0.jar:/Users/lpognon/.m2/repository/org/codehaus/jackson/jackson-mapper-asl/1.4.0/jackson-mapper-asl-1.4.0.jar:/Users/lpognon/.m2/repository/jline/jline/1.0/jline-1.0.jar:/Users/lpognon/.m2/repository/com/googlecode/json-simple/json-simple/1.1/json-simple-1.1.jar:/Users/lpognon/.m2/repository/com/github/stephenc/high-scale-lib/high-scale-lib/1.1.2/high-scale-lib-1.1.2.jar:/Users/lpognon/.m2/repository/org/yaml/snakeyaml/1.6/snakeyaml-1.6.jar:/Users/lpognon/.m2/repository/edu/stanford/ppl/snaptree/0.1/snaptree-0.1.jar:/Users/lpognon/.m2/repository/com/yammer/metrics/metrics-core/2.0.3/metrics-core-2.0.3.jar:/Users/lpognon/.m2/repository/com/github/stephenc/jamm/0.2.5/jamm-0.2.5.jar:/Users/lpognon/.m2/repository/org/apache/cassandra/cassandra-clientutil/1.2.0/cassandra-clientutil-1.2.0.jar:/Users/lpognon/.m2/repository/org/jboss/netty/netty/3.2.8.Final/netty-3.2.8.Final.jar:/Users/lpognon/.m2/repository/org/scale7/scale7-pelops/1.3-1.1.x/scale7-pelops-1.3-1.1.x.jar:/Users/lpognon/.m2/repository/com/eaio/uuid/uuid/3.2/uuid-3.2.jar:/Users/lpognon/.m2/repository/org/scale7/scale7-core/1.3/scale7-core-1.3.jar:/Users/lpognon/.m2/repository/commons-pool/commons-pool/1.6/commons-pool-1.6.jar:/Users/lpognon/.m2/repository/org/xerial/snappy/1.0.1-rc4/snappy-1.0.1-rc4.jar:/Users/lpognon/.m2/repository/net/dataforte/cassandra/cassandra-connection-pool/0.7.1/cassandra-connection-pool-0.7.1.jar:/Users/lpognon/.m2/repository/javax/xml/bind/jaxb-api/2.1/jaxb-api-2.1.jar:/Users/lpognon/.m2/repository/javax/xml/stream/stax-api/1.0-2/stax-api-1.0-2.jar:/Users/lpognon/.m2/repository/javax/activation/activation/1.1/activation-1.1.jar:/Users/lpognon/.m2/repository/com/sun/xml/bind/jaxb-impl/2.1.3/jaxb-impl-2.1.3.jar:"/>
    <property name="java.vm.specification.version" value="1.0"/>
    <property name="sun.arch.data.model" value="64"/>
    <property name="java.home" value="/System/Library/Java/JavaVirtualMachines/1.6.0.jdk/Contents/Home"/>
    <property name="sun.java.command" value="/Users/lpognon/Documents/workspace-sts-3.1.0.RELEASE/demo/demo_data/target/surefire/surefirebooter8025386380840041955.jar /Users/lpognon/Documents/workspace-sts-3.1.0.RELEASE/demo/demo_data/target/surefire/surefire3279758374672512950tmp /Users/lpognon/Documents/workspace-sts-3.1.0.RELEASE/demo/demo_data/target/surefire/surefire8172331202942402900tmp"/>
    <property name="java.specification.vendor" value="Sun Microsystems Inc."/>
    <property name="user.language" value="en"/>
    <property name="awt.toolkit" value="apple.awt.CToolkit"/>
    <property name="java.vm.info" value="mixed mode"/>
    <property name="java.version" value="1.6.0_41"/>
    <property name="java.ext.dirs" value="/Library/Java/Extensions:/System/Library/Java/Extensions:/System/Library/Java/JavaVirtualMachines/1.6.0.jdk/Contents/Home/lib/ext"/>
    <property name="sun.boot.class.path" value="/System/Library/Java/JavaVirtualMachines/1.6.0.jdk/Contents/Classes/jsfd.jar:/System/Library/Java/JavaVirtualMachines/1.6.0.jdk/Contents/Classes/classes.jar:/System/Library/Frameworks/JavaVM.framework/Frameworks/JavaRuntimeSupport.framework/Resources/Java/JavaRuntimeSupport.jar:/System/Library/Java/JavaVirtualMachines/1.6.0.jdk/Contents/Classes/ui.jar:/System/Library/Java/JavaVirtualMachines/1.6.0.jdk/Contents/Classes/laf.jar:/System/Library/Java/JavaVirtualMachines/1.6.0.jdk/Contents/Classes/sunrsasign.jar:/System/Library/Java/JavaVirtualMachines/1.6.0.jdk/Contents/Classes/jsse.jar:/System/Library/Java/JavaVirtualMachines/1.6.0.jdk/Contents/Classes/jce.jar:/System/Library/Java/JavaVirtualMachines/1.6.0.jdk/Contents/Classes/charsets.jar"/>
    <property name="java.vendor" value="Apple Inc."/>
    <property name="localRepository" value="/Users/lpognon/.m2/repository"/>
    <property name="file.separator" value="/"/>
    <property name="java.vendor.url.bug" value="http://bugreport.apple.com/"/>
    <property name="sun.cpu.endian" value="little"/>
    <property name="sun.io.unicode.encoding" value="UnicodeLittle"/>
    <property name="mrj.version" value="1070.1.6.0_41-445"/>
    <property name="socksNonProxyHosts" value="local|*.local|169.254/16|*.169.254/16|localhost|*.localhost|172.16.250.130"/>
    <property name="ftp.nonProxyHosts" value="local|*.local|169.254/16|*.169.254/16|localhost|*.localhost|172.16.250.130"/>
    <property name="sun.cpu.isalist" value=""/>
  </properties>
  <testcase time="14.434" classname="fr.company.demo.data.dao.impl.DemoDAOTest" name="testSomething"/>
</testsuite>